*** Using Compiler 'V5.06 update 5 (build 528)', folder: 'D:\Keil5\ARM\ARMCC\Bin'
Rebuild target 'SkyStar_BSP_HAL'
assembling startup_stm32f407xx.s...
compiling stm32f4xx_hal_pwr.c...
compiling stm32f4xx_hal_dma.c...
compiling main.c...
compiling stm32f4xx_hal_flash.c...
compiling stm32f4xx_hal_gpio.c...
compiling stm32f4xx_it.c...
compiling stm32f4xx_hal_tim.c...
compiling stm32f4xx_hal_flash_ramfunc.c...
compiling stm32f4xx_hal_msp.c...
compiling stm32f4xx_hal_flash_ex.c...
compiling stm32f4xx_hal_tim_ex.c...
compiling bsp_board.c...
compiling stm32f4xx_hal_rcc_ex.c...
compiling gpio.c...
compiling stm32f4xx_hal_dma_ex.c...
compiling app_main.c...
compiling multi_timer_port.c...
compiling MultiTimer.c...
compiling stm32f4xx_hal_rcc.c...
compiling stm32f4xx_hal_exti.c...
compiling stm32f4xx_hal.c...
compiling stm32f4xx_hal_pwr_ex.c...
compiling stm32f4xx_hal_cortex.c...
compiling system_stm32f4xx.c...
compiling port_tick.c...
linking...
Program Size: Code=2862 RO-data=442 RW-data=24 ZI-data=8312  
FromELF: creating hex file...
"SkyStar_BSP_HAL\SkyStar_BSP_HAL.axf" - 0 Error(s), 0 Warning(s).
Build Time Elapsed:  00:00:14
